!SESSION 2019-08-24 16:34:12.664 -----------------------------------------------
eclipse.buildId=4.8.0.I20180611-0500
java.version=1.8.0_201
java.vendor=Oracle Corporation
BootLoader constants: OS=win32, ARCH=x86_64, WS=win32, NL=en_US
Framework arguments:  -product org.eclipse.epp.package.java.product
Command-line arguments:  -os win32 -ws win32 -arch x86_64 -product org.eclipse.epp.package.java.product

!ENTRY org.eclipse.egit.core 2 0 2019-08-24 16:37:04.078
!MESSAGE Builtin LFS support not present/detected
!STACK 0
java.lang.ClassNotFoundException: org.eclipse.jgit.lfs.BuiltinLFS cannot be found by org.eclipse.egit.core_5.0.0.201806131550-r
	at org.eclipse.osgi.internal.loader.BundleLoader.findClassInternal(BundleLoader.java:508)
	at org.eclipse.osgi.internal.loader.BundleLoader.findClass(BundleLoader.java:419)
	at org.eclipse.osgi.internal.loader.BundleLoader.findClass(BundleLoader.java:411)
	at org.eclipse.osgi.internal.loader.ModuleClassLoader.loadClass(ModuleClassLoader.java:150)
	at java.lang.ClassLoader.loadClass(Unknown Source)
	at java.lang.Class.forName0(Native Method)
	at java.lang.Class.forName(Unknown Source)
	at org.eclipse.egit.core.Activator.registerBuiltinLFS(Activator.java:279)
	at org.eclipse.egit.core.Activator.start(Activator.java:212)
	at org.eclipse.osgi.internal.framework.BundleContextImpl$3.run(BundleContextImpl.java:779)
	at org.eclipse.osgi.internal.framework.BundleContextImpl$3.run(BundleContextImpl.java:1)
	at java.security.AccessController.doPrivileged(Native Method)
	at org.eclipse.osgi.internal.framework.BundleContextImpl.startActivator(BundleContextImpl.java:772)
	at org.eclipse.osgi.internal.framework.BundleContextImpl.start(BundleContextImpl.java:729)
	at org.eclipse.osgi.internal.framework.EquinoxBundle.startWorker0(EquinoxBundle.java:1002)
	at org.eclipse.osgi.internal.framework.EquinoxBundle$EquinoxModule.startWorker(EquinoxBundle.java:354)
	at org.eclipse.osgi.container.Module.doStart(Module.java:581)
	at org.eclipse.osgi.container.Module.start(Module.java:449)
	at org.eclipse.osgi.framework.util.SecureAction.start(SecureAction.java:468)
	at org.eclipse.osgi.internal.hooks.EclipseLazyStarter.postFindLocalClass(EclipseLazyStarter.java:114)
	at org.eclipse.osgi.internal.loader.classpath.ClasspathManager.findLocalClass(ClasspathManager.java:505)
	at org.eclipse.osgi.internal.loader.ModuleClassLoader.findLocalClass(ModuleClassLoader.java:328)
	at org.eclipse.osgi.internal.loader.BundleLoader.findLocalClass(BundleLoader.java:392)
	at org.eclipse.osgi.internal.loader.sources.SingleSourcePackage.loadClass(SingleSourcePackage.java:36)
	at org.eclipse.osgi.internal.loader.BundleLoader.findClassInternal(BundleLoader.java:454)
	at org.eclipse.osgi.internal.loader.BundleLoader.findClass(BundleLoader.java:419)
	at org.eclipse.osgi.internal.loader.BundleLoader.findClass(BundleLoader.java:411)
	at org.eclipse.osgi.internal.loader.ModuleClassLoader.loadClass(ModuleClassLoader.java:150)
	at java.lang.ClassLoader.loadClass(Unknown Source)
	at org.eclipse.egit.ui.Activator$RepositoryChangeScanner.<init>(Activator.java:921)
	at org.eclipse.egit.ui.Activator.setupRepoChangeScanner(Activator.java:1034)
	at org.eclipse.egit.ui.Activator.start(Activator.java:336)
	at org.eclipse.osgi.internal.framework.BundleContextImpl$3.run(BundleContextImpl.java:779)
	at org.eclipse.osgi.internal.framework.BundleContextImpl$3.run(BundleContextImpl.java:1)
	at java.security.AccessController.doPrivileged(Native Method)
	at org.eclipse.osgi.internal.framework.BundleContextImpl.startActivator(BundleContextImpl.java:772)
	at org.eclipse.osgi.internal.framework.BundleContextImpl.start(BundleContextImpl.java:729)
	at org.eclipse.osgi.internal.framework.EquinoxBundle.startWorker0(EquinoxBundle.java:1002)
	at org.eclipse.osgi.internal.framework.EquinoxBundle$EquinoxModule.startWorker(EquinoxBundle.java:354)
	at org.eclipse.osgi.container.Module.doStart(Module.java:581)
	at org.eclipse.osgi.container.Module.start(Module.java:449)
	at org.eclipse.osgi.framework.util.SecureAction.start(SecureAction.java:468)
	at org.eclipse.osgi.internal.hooks.EclipseLazyStarter.postFindLocalClass(EclipseLazyStarter.java:114)
	at org.eclipse.osgi.internal.loader.classpath.ClasspathManager.findLocalClass(ClasspathManager.java:505)
	at org.eclipse.osgi.internal.loader.ModuleClassLoader.findLocalClass(ModuleClassLoader.java:328)
	at org.eclipse.osgi.internal.loader.BundleLoader.findLocalClass(BundleLoader.java:392)
	at org.eclipse.osgi.internal.loader.BundleLoader.findClassInternal(BundleLoader.java:470)
	at org.eclipse.osgi.internal.loader.BundleLoader.findClass(BundleLoader.java:419)
	at org.eclipse.osgi.internal.loader.BundleLoader.findClass(BundleLoader.java:411)
	at org.eclipse.osgi.internal.loader.ModuleClassLoader.loadClass(ModuleClassLoader.java:150)
	at java.lang.ClassLoader.loadClass(Unknown Source)
	at org.eclipse.osgi.internal.framework.EquinoxBundle.loadClass(EquinoxBundle.java:609)
	at org.eclipse.core.internal.registry.osgi.RegistryStrategyOSGI.createExecutableExtension(RegistryStrategyOSGI.java:177)
	at org.eclipse.core.internal.registry.ExtensionRegistry.createExecutableExtension(ExtensionRegistry.java:931)
	at org.eclipse.core.internal.registry.ConfigurationElement.createExecutableExtension(ConfigurationElement.java:243)
	at org.eclipse.core.internal.registry.ConfigurationElementHandle.createExecutableExtension(ConfigurationElementHandle.java:60)
	at org.eclipse.ui.internal.services.WorkbenchServiceRegistry.getSourceProviders(WorkbenchServiceRegistry.java:174)
	at org.eclipse.ui.internal.services.SourceProviderService.readRegistry(SourceProviderService.java:104)
	at org.eclipse.ui.internal.Workbench$34.runWithException(Workbench.java:2378)
	at org.eclipse.ui.internal.StartupThreading$StartupRunnable.run(StartupThreading.java:32)
	at org.eclipse.swt.widgets.Synchronizer.syncExec(Synchronizer.java:233)
	at org.eclipse.ui.internal.UISynchronizer.syncExec(UISynchronizer.java:144)
	at org.eclipse.swt.widgets.Display.syncExec(Display.java:4567)
	at org.eclipse.ui.internal.StartupThreading.runWithoutExceptions(StartupThreading.java:95)
	at org.eclipse.ui.internal.Workbench.initializeDefaultServices(Workbench.java:2373)
	at org.eclipse.ui.internal.Workbench.init(Workbench.java:1654)
	at org.eclipse.ui.internal.Workbench.runUI(Workbench.java:2859)
	at org.eclipse.ui.internal.Workbench.lambda$3(Workbench.java:654)
	at org.eclipse.core.databinding.observable.Realm.runWithDefault(Realm.java:336)
	at org.eclipse.ui.internal.Workbench.createAndRunWorkbench(Workbench.java:597)
	at org.eclipse.ui.PlatformUI.createAndRunWorkbench(PlatformUI.java:148)
	at org.eclipse.ui.internal.ide.application.IDEApplication.start(IDEApplication.java:152)
	at org.eclipse.equinox.internal.app.EclipseAppHandle.run(EclipseAppHandle.java:196)
	at org.eclipse.core.runtime.internal.adaptor.EclipseAppLauncher.runApplication(EclipseAppLauncher.java:134)
	at org.eclipse.core.runtime.internal.adaptor.EclipseAppLauncher.start(EclipseAppLauncher.java:104)
	at org.eclipse.core.runtime.adaptor.EclipseStarter.run(EclipseStarter.java:388)
	at org.eclipse.core.runtime.adaptor.EclipseStarter.run(EclipseStarter.java:243)
	at sun.reflect.NativeMethodAccessorImpl.invoke0(Native Method)
	at sun.reflect.NativeMethodAccessorImpl.invoke(Unknown Source)
	at sun.reflect.DelegatingMethodAccessorImpl.invoke(Unknown Source)
	at java.lang.reflect.Method.invoke(Unknown Source)
	at org.eclipse.equinox.launcher.Main.invokeFramework(Main.java:656)
	at org.eclipse.equinox.launcher.Main.basicRun(Main.java:592)
	at org.eclipse.equinox.launcher.Main.run(Main.java:1498)

!ENTRY org.eclipse.epp.logging.aeri.ide 2 17 2019-08-24 16:37:23.515
!MESSAGE Server ‘org.eclipse.epp.logging.aeri.ide.server’ failed with exception: Service Temporarily Unavailable. ; version: 2.0.7.v20170906-1327
!STACK 0
org.apache.http.client.HttpResponseException: Service Temporarily Unavailable
	at org.eclipse.epp.internal.logging.aeri.ide.server.mars.HttpResponses$ProgressMonitorResponseHandler.handleResponse(HttpResponses.java:66)
	at org.eclipse.epp.internal.logging.aeri.ide.server.mars.HttpResponses$ProgressMonitorResponseStringHandler.handleResponse(HttpResponses.java:88)
	at org.eclipse.epp.internal.logging.aeri.ide.server.mars.HttpResponses$ProgressMonitorResponseStringHandler.handleResponse(HttpResponses.java:1)
	at org.apache.http.client.fluent.Response.handleResponse(Response.java:90)
	at org.eclipse.epp.internal.logging.aeri.ide.server.mars.HttpResponses.getContentWithProgress(HttpResponses.java:51)
	at org.eclipse.epp.internal.logging.aeri.ide.server.mars.IO.refreshConfiguration(IO.java:65)
	at org.eclipse.epp.internal.logging.aeri.ide.server.mars.ServerConnection.startUp(ServerConnection.java:124)
	at com.google.common.util.concurrent.AbstractIdleService$DelegateService$1.run(AbstractIdleService.java:62)
	at com.google.common.util.concurrent.Callables$4.run(Callables.java:122)
	at java.lang.Thread.run(Unknown Source)

!ENTRY org.eclipse.egit.ui 2 0 2019-08-24 16:37:23.975
!MESSAGE Warning: The environment variable HOME is not set. The following directory will be used to store the Git
user global configuration and to define the default location to store repositories: 'C:\Users\Richard'. If this is
not correct please set the HOME environment variable and restart Eclipse. Otherwise Git for Windows and
EGit might behave differently since they see different configuration options.
This warning can be switched off on the Team > Git > Confirmations and Warnings preference page.
!SESSION 2019-08-24 16:50:47.136 -----------------------------------------------
eclipse.buildId=4.10.0.I20181206-0815
java.version=1.8.0_201
java.vendor=Oracle Corporation
BootLoader constants: OS=win32, ARCH=x86_64, WS=win32, NL=en_US
Framework arguments:  -product org.eclipse.epp.package.java.product
Command-line arguments:  -os win32 -ws win32 -arch x86_64 -product org.eclipse.epp.package.java.product

!ENTRY org.eclipse.e4.ui.workbench 4 0 2019-08-24 16:51:24.132
!MESSAGE Unable to retrieve the bundle from the URI: bundleclass://org.eclipse.recommenders.news.rcp/org.eclipse.recommenders.internal.news.rcp.poll.PollNewsFeedsHandler

!ENTRY org.eclipse.e4.ui.workbench 4 0 2019-08-24 16:51:24.174
!MESSAGE Unable to retrieve the bundle from the URI: bundleclass://org.eclipse.recommenders.news.rcp/org.eclipse.recommenders.internal.news.rcp.read.ReadNewsItemsHandler

!ENTRY org.eclipse.e4.ui.workbench 4 0 2019-08-24 16:51:47.076
!MESSAGE Unable to retrieve the bundle from the URI: bundleclass://org.eclipse.recommenders.news.rcp/org.eclipse.recommenders.internal.news.rcp.toolbar.NewsToolControl

!ENTRY org.eclipse.egit.ui 2 0 2019-08-24 16:51:48.051
!MESSAGE Warning: The environment variable HOME is not set. The following directory will be used to store the Git
user global configuration and to define the default location to store repositories: 'C:\Users\Richard'. If this is
not correct please set the HOME environment variable and restart Eclipse. Otherwise Git for Windows and
EGit might behave differently since they see different configuration options.
This warning can be switched off on the Team > Git > Confirmations and Warnings preference page.

!ENTRY org.eclipse.e4.ui.workbench 2 0 2019-08-24 16:51:48.543
!MESSAGE Removing part descriptor with the 'org.eclipse.recommenders.apidocs.rcp.views.apidocs' id and the 'Augmented Docs' description. Points to the invalid 'bundleclass://org.eclipse.ui.workbench/org.eclipse.ui.internal.e4.compatibility.CompatibilityView' class.

!ENTRY org.eclipse.e4.ui.workbench 2 0 2019-08-24 16:51:48.555
!MESSAGE Removing part descriptor with the 'org.eclipse.recommenders.models.rcp.views.projectCoordinates' id and the 'Project Coordinates' description. Points to the invalid 'bundleclass://org.eclipse.ui.workbench/org.eclipse.ui.internal.e4.compatibility.CompatibilityView' class.

!ENTRY org.eclipse.e4.ui.workbench 2 0 2019-08-24 16:51:48.565
!MESSAGE Removing part descriptor with the 'org.eclipse.recommenders.models.rcp.views.modelRepositories' id and the 'Model Repositories' description. Points to the invalid 'bundleclass://org.eclipse.ui.workbench/org.eclipse.ui.internal.e4.compatibility.CompatibilityView' class.

!ENTRY org.eclipse.e4.ui.workbench 2 0 2019-08-24 16:51:48.576
!MESSAGE Removing part descriptor with the 'org.eclipse.recommenders.models.rcp.views.dependencyOverview' id and the 'Dependency Overview' description. Points to the invalid 'bundleclass://org.eclipse.ui.workbench/org.eclipse.ui.internal.e4.compatibility.CompatibilityView' class.

!ENTRY org.eclipse.e4.ui.workbench 2 0 2019-08-24 16:51:48.587
!MESSAGE Removing part descriptor with the 'org.eclipse.recommenders.snipmatch.rcp.views.snippets' id and the 'Snippets' description. Points to the invalid 'bundleclass://org.eclipse.ui.workbench/org.eclipse.ui.internal.e4.compatibility.CompatibilityView' class.

!ENTRY org.eclipse.e4.ui.workbench 2 0 2019-08-24 16:51:48.608
!MESSAGE Removing part descriptor with the 'edu.duke.cs.ambient.snarfer.SnarferSiteView' id and the 'Snarfer Site Browser' description. Points to the invalid 'bundleclass://org.eclipse.ui.workbench/org.eclipse.ui.internal.e4.compatibility.CompatibilityView' class.

!ENTRY org.eclipse.e4.ui.workbench 2 0 2019-08-24 16:51:48.620
!MESSAGE Removing part descriptor with the 'org.eclipse.team.ccvs.ui.RepositoriesView' id and the 'CVS Repositories' description. Points to the invalid 'bundleclass://org.eclipse.ui.workbench/org.eclipse.ui.internal.e4.compatibility.CompatibilityView' class.

!ENTRY org.eclipse.e4.ui.workbench 2 0 2019-08-24 16:51:48.630
!MESSAGE Removing part descriptor with the 'org.eclipse.team.ccvs.ui.EditorsView' id and the 'CVS Editors' description. Points to the invalid 'bundleclass://org.eclipse.ui.workbench/org.eclipse.ui.internal.e4.compatibility.CompatibilityView' class.

!ENTRY org.eclipse.e4.ui.workbench 2 0 2019-08-24 16:51:48.658
!MESSAGE Removing part descriptor with the 'org.python.pydev.navigator.view' id and the 'PyDev Package Explorer' description. Points to the invalid 'bundleclass://org.eclipse.ui.workbench/org.eclipse.ui.internal.e4.compatibility.CompatibilityView' class.

!ENTRY org.eclipse.e4.ui.workbench 2 0 2019-08-24 16:51:48.669
!MESSAGE Removing part descriptor with the 'com.python.pydev.ui.hierarchy.PyHierarchyView' id and the 'Hierarchy View' description. Points to the invalid 'bundleclass://org.eclipse.ui.workbench/org.eclipse.ui.internal.e4.compatibility.CompatibilityView' class.

!ENTRY org.eclipse.e4.ui.workbench 2 0 2019-08-24 16:51:48.680
!MESSAGE Removing part descriptor with the 'com.python.pydev.analysis.indexview.PyIndexView' id and the 'Index View' description. Points to the invalid 'bundleclass://org.eclipse.ui.workbench/org.eclipse.ui.internal.e4.compatibility.CompatibilityView' class.

!ENTRY org.eclipse.e4.ui.workbench 2 0 2019-08-24 16:51:48.690
!MESSAGE Removing part descriptor with the 'org.python.pydev.views.PyCodeCoverageView' id and the 'Code Coverage' description. Points to the invalid 'bundleclass://org.eclipse.ui.workbench/org.eclipse.ui.internal.e4.compatibility.CompatibilityView' class.

!ENTRY org.eclipse.e4.ui.workbench 2 0 2019-08-24 16:51:48.700
!MESSAGE Removing part descriptor with the 'org.python.pydev.debug.profile.ProfileView' id and the 'Profile (PyVmMonitor)' description. Points to the invalid 'bundleclass://org.eclipse.ui.workbench/org.eclipse.ui.internal.e4.compatibility.CompatibilityView' class.

!ENTRY org.eclipse.e4.ui.workbench 2 0 2019-08-24 16:51:48.709
!MESSAGE Removing part descriptor with the 'org.python.pydev.views.ReferrersView' id and the 'Referrers View' description. Points to the invalid 'bundleclass://org.eclipse.ui.workbench/org.eclipse.ui.internal.e4.compatibility.CompatibilityView' class.

!ENTRY org.eclipse.e4.ui.workbench 2 0 2019-08-24 16:51:48.719
!MESSAGE Removing part descriptor with the 'org.python.pydev.views.CurrentExceptionView' id and the 'Caught Exceptions' description. Points to the invalid 'bundleclass://org.eclipse.ui.workbench/org.eclipse.ui.internal.e4.compatibility.CompatibilityView' class.

!ENTRY org.eclipse.e4.ui.workbench 2 0 2019-08-24 16:51:48.729
!MESSAGE Removing part descriptor with the 'org.python.pydev.debug.pyunit.pyUnitView' id and the 'PyUnit' description. Points to the invalid 'bundleclass://org.eclipse.ui.workbench/org.eclipse.ui.internal.e4.compatibility.CompatibilityView' class.
!SESSION 2019-08-24 17:04:32.187 -----------------------------------------------
eclipse.buildId=4.8.0.I20180611-0500
java.version=1.8.0_201
java.vendor=Oracle Corporation
BootLoader constants: OS=win32, ARCH=x86_64, WS=win32, NL=en_US
Framework arguments:  -product org.eclipse.epp.package.java.product
Command-line arguments:  -os win32 -ws win32 -arch x86_64 -product org.eclipse.epp.package.java.product

!ENTRY org.eclipse.egit.core 2 0 2019-08-24 17:04:36.616
!MESSAGE Builtin LFS support not present/detected
!STACK 0
java.lang.ClassNotFoundException: org.eclipse.jgit.lfs.BuiltinLFS cannot be found by org.eclipse.egit.core_5.0.0.201806131550-r
	at org.eclipse.osgi.internal.loader.BundleLoader.findClassInternal(BundleLoader.java:508)
	at org.eclipse.osgi.internal.loader.BundleLoader.findClass(BundleLoader.java:419)
	at org.eclipse.osgi.internal.loader.BundleLoader.findClass(BundleLoader.java:411)
	at org.eclipse.osgi.internal.loader.ModuleClassLoader.loadClass(ModuleClassLoader.java:150)
	at java.lang.ClassLoader.loadClass(Unknown Source)
	at java.lang.Class.forName0(Native Method)
	at java.lang.Class.forName(Unknown Source)
	at org.eclipse.egit.core.Activator.registerBuiltinLFS(Activator.java:279)
	at org.eclipse.egit.core.Activator.start(Activator.java:212)
	at org.eclipse.osgi.internal.framework.BundleContextImpl$3.run(BundleContextImpl.java:779)
	at org.eclipse.osgi.internal.framework.BundleContextImpl$3.run(BundleContextImpl.java:1)
	at java.security.AccessController.doPrivileged(Native Method)
	at org.eclipse.osgi.internal.framework.BundleContextImpl.startActivator(BundleContextImpl.java:772)
	at org.eclipse.osgi.internal.framework.BundleContextImpl.start(BundleContextImpl.java:729)
	at org.eclipse.osgi.internal.framework.EquinoxBundle.startWorker0(EquinoxBundle.java:1002)
	at org.eclipse.osgi.internal.framework.EquinoxBundle$EquinoxModule.startWorker(EquinoxBundle.java:354)
	at org.eclipse.osgi.container.Module.doStart(Module.java:581)
	at org.eclipse.osgi.container.Module.start(Module.java:449)
	at org.eclipse.osgi.framework.util.SecureAction.start(SecureAction.java:468)
	at org.eclipse.osgi.internal.hooks.EclipseLazyStarter.postFindLocalClass(EclipseLazyStarter.java:114)
	at org.eclipse.osgi.internal.loader.classpath.ClasspathManager.findLocalClass(ClasspathManager.java:505)
	at org.eclipse.osgi.internal.loader.ModuleClassLoader.findLocalClass(ModuleClassLoader.java:328)
	at org.eclipse.osgi.internal.loader.BundleLoader.findLocalClass(BundleLoader.java:392)
	at org.eclipse.osgi.internal.loader.sources.SingleSourcePackage.loadClass(SingleSourcePackage.java:36)
	at org.eclipse.osgi.internal.loader.BundleLoader.findClassInternal(BundleLoader.java:454)
	at org.eclipse.osgi.internal.loader.BundleLoader.findClass(BundleLoader.java:419)
	at org.eclipse.osgi.internal.loader.BundleLoader.findClass(BundleLoader.java:411)
	at org.eclipse.osgi.internal.loader.ModuleClassLoader.loadClass(ModuleClassLoader.java:150)
	at java.lang.ClassLoader.loadClass(Unknown Source)
	at org.eclipse.egit.ui.Activator$RepositoryChangeScanner.<init>(Activator.java:921)
	at org.eclipse.egit.ui.Activator.setupRepoChangeScanner(Activator.java:1034)
	at org.eclipse.egit.ui.Activator.start(Activator.java:336)
	at org.eclipse.osgi.internal.framework.BundleContextImpl$3.run(BundleContextImpl.java:779)
	at org.eclipse.osgi.internal.framework.BundleContextImpl$3.run(BundleContextImpl.java:1)
	at java.security.AccessController.doPrivileged(Native Method)
	at org.eclipse.osgi.internal.framework.BundleContextImpl.startActivator(BundleContextImpl.java:772)
	at org.eclipse.osgi.internal.framework.BundleContextImpl.start(BundleContextImpl.java:729)
	at org.eclipse.osgi.internal.framework.EquinoxBundle.startWorker0(EquinoxBundle.java:1002)
	at org.eclipse.osgi.internal.framework.EquinoxBundle$EquinoxModule.startWorker(EquinoxBundle.java:354)
	at org.eclipse.osgi.container.Module.doStart(Module.java:581)
	at org.eclipse.osgi.container.Module.start(Module.java:449)
	at org.eclipse.osgi.framework.util.SecureAction.start(SecureAction.java:468)
	at org.eclipse.osgi.internal.hooks.EclipseLazyStarter.postFindLocalClass(EclipseLazyStarter.java:114)
	at org.eclipse.osgi.internal.loader.classpath.ClasspathManager.findLocalClass(ClasspathManager.java:505)
	at org.eclipse.osgi.internal.loader.ModuleClassLoader.findLocalClass(ModuleClassLoader.java:328)
	at org.eclipse.osgi.internal.loader.BundleLoader.findLocalClass(BundleLoader.java:392)
	at org.eclipse.osgi.internal.loader.BundleLoader.findClassInternal(BundleLoader.java:470)
	at org.eclipse.osgi.internal.loader.BundleLoader.findClass(BundleLoader.java:419)
	at org.eclipse.osgi.internal.loader.BundleLoader.findClass(BundleLoader.java:411)
	at org.eclipse.osgi.internal.loader.ModuleClassLoader.loadClass(ModuleClassLoader.java:150)
	at java.lang.ClassLoader.loadClass(Unknown Source)
	at org.eclipse.osgi.internal.framework.EquinoxBundle.loadClass(EquinoxBundle.java:609)
	at org.eclipse.core.internal.registry.osgi.RegistryStrategyOSGI.createExecutableExtension(RegistryStrategyOSGI.java:177)
	at org.eclipse.core.internal.registry.ExtensionRegistry.createExecutableExtension(ExtensionRegistry.java:931)
	at org.eclipse.core.internal.registry.ConfigurationElement.createExecutableExtension(ConfigurationElement.java:243)
	at org.eclipse.core.internal.registry.ConfigurationElementHandle.createExecutableExtension(ConfigurationElementHandle.java:60)
	at org.eclipse.ui.internal.services.WorkbenchServiceRegistry.getSourceProviders(WorkbenchServiceRegistry.java:174)
	at org.eclipse.ui.internal.services.SourceProviderService.readRegistry(SourceProviderService.java:104)
	at org.eclipse.ui.internal.Workbench$34.runWithException(Workbench.java:2378)
	at org.eclipse.ui.internal.StartupThreading$StartupRunnable.run(StartupThreading.java:32)
	at org.eclipse.swt.widgets.Synchronizer.syncExec(Synchronizer.java:233)
	at org.eclipse.ui.internal.UISynchronizer.syncExec(UISynchronizer.java:144)
	at org.eclipse.swt.widgets.Display.syncExec(Display.java:4567)
	at org.eclipse.ui.internal.StartupThreading.runWithoutExceptions(StartupThreading.java:95)
	at org.eclipse.ui.internal.Workbench.initializeDefaultServices(Workbench.java:2373)
	at org.eclipse.ui.internal.Workbench.init(Workbench.java:1654)
	at org.eclipse.ui.internal.Workbench.runUI(Workbench.java:2859)
	at org.eclipse.ui.internal.Workbench.lambda$3(Workbench.java:654)
	at org.eclipse.core.databinding.observable.Realm.runWithDefault(Realm.java:336)
	at org.eclipse.ui.internal.Workbench.createAndRunWorkbench(Workbench.java:597)
	at org.eclipse.ui.PlatformUI.createAndRunWorkbench(PlatformUI.java:148)
	at org.eclipse.ui.internal.ide.application.IDEApplication.start(IDEApplication.java:152)
	at org.eclipse.equinox.internal.app.EclipseAppHandle.run(EclipseAppHandle.java:196)
	at org.eclipse.core.runtime.internal.adaptor.EclipseAppLauncher.runApplication(EclipseAppLauncher.java:134)
	at org.eclipse.core.runtime.internal.adaptor.EclipseAppLauncher.start(EclipseAppLauncher.java:104)
	at org.eclipse.core.runtime.adaptor.EclipseStarter.run(EclipseStarter.java:388)
	at org.eclipse.core.runtime.adaptor.EclipseStarter.run(EclipseStarter.java:243)
	at sun.reflect.NativeMethodAccessorImpl.invoke0(Native Method)
	at sun.reflect.NativeMethodAccessorImpl.invoke(Unknown Source)
	at sun.reflect.DelegatingMethodAccessorImpl.invoke(Unknown Source)
	at java.lang.reflect.Method.invoke(Unknown Source)
	at org.eclipse.equinox.launcher.Main.invokeFramework(Main.java:656)
	at org.eclipse.equinox.launcher.Main.basicRun(Main.java:592)
	at org.eclipse.equinox.launcher.Main.run(Main.java:1498)

!ENTRY org.eclipse.e4.ui.workbench 2 0 2019-08-24 17:04:44.434
!MESSAGE Removing part descriptor with the 'org.eclipse.ui.views.minimap.MinimapView' id and the 'Minimap' description. Points to the invalid 'bundleclass://org.eclipse.ui.workbench/org.eclipse.ui.internal.e4.compatibility.CompatibilityView' class.

!ENTRY org.eclipse.egit.ui 2 0 2019-08-24 17:04:44.798
!MESSAGE Warning: The environment variable HOME is not set. The following directory will be used to store the Git
user global configuration and to define the default location to store repositories: 'C:\Users\Richard'. If this is
not correct please set the HOME environment variable and restart Eclipse. Otherwise Git for Windows and
EGit might behave differently since they see different configuration options.
This warning can be switched off on the Team > Git > Confirmations and Warnings preference page.

!ENTRY org.eclipse.epp.logging.aeri.ide 2 17 2019-08-24 17:04:48.258
!MESSAGE Server ‘org.eclipse.epp.logging.aeri.ide.server’ failed with exception: Service Temporarily Unavailable. ; version: 2.0.7.v20170906-1327
!STACK 0
org.apache.http.client.HttpResponseException: Service Temporarily Unavailable
	at org.eclipse.epp.internal.logging.aeri.ide.server.mars.HttpResponses$ProgressMonitorResponseHandler.handleResponse(HttpResponses.java:66)
	at org.eclipse.epp.internal.logging.aeri.ide.server.mars.HttpResponses$ProgressMonitorResponseStringHandler.handleResponse(HttpResponses.java:88)
	at org.eclipse.epp.internal.logging.aeri.ide.server.mars.HttpResponses$ProgressMonitorResponseStringHandler.handleResponse(HttpResponses.java:1)
	at org.apache.http.client.fluent.Response.handleResponse(Response.java:90)
	at org.eclipse.epp.internal.logging.aeri.ide.server.mars.HttpResponses.getContentWithProgress(HttpResponses.java:51)
	at org.eclipse.epp.internal.logging.aeri.ide.server.mars.IO.refreshConfiguration(IO.java:65)
	at org.eclipse.epp.internal.logging.aeri.ide.server.mars.ServerConnection.startUp(ServerConnection.java:124)
	at com.google.common.util.concurrent.AbstractIdleService$DelegateService$1.run(AbstractIdleService.java:62)
	at com.google.common.util.concurrent.Callables$4.run(Callables.java:122)
	at java.lang.Thread.run(Unknown Source)
!SESSION 2019-08-24 17:14:41.578 -----------------------------------------------
eclipse.buildId=4.12.0.I20190605-1800
java.version=1.8.0_201
java.vendor=Oracle Corporation
BootLoader constants: OS=win32, ARCH=x86_64, WS=win32, NL=en_US
Framework arguments:  -product org.eclipse.epp.package.java.product
Command-line arguments:  -os win32 -ws win32 -arch x86_64 -product org.eclipse.epp.package.java.product

!ENTRY org.eclipse.e4.ui.workbench 4 0 2019-08-24 17:15:19.088
!MESSAGE Unable to retrieve the bundle from the URI: bundleclass://org.eclipse.recommenders.news.rcp/org.eclipse.recommenders.internal.news.rcp.poll.PollNewsFeedsHandler

!ENTRY org.eclipse.e4.ui.workbench 4 0 2019-08-24 17:15:19.233
!MESSAGE Unable to retrieve the bundle from the URI: bundleclass://org.eclipse.recommenders.news.rcp/org.eclipse.recommenders.internal.news.rcp.read.ReadNewsItemsHandler

!ENTRY org.eclipse.egit.core 1 0 2019-08-24 17:15:19.941
!MESSAGE Using Apache MINA sshd as ssh client.

!ENTRY org.eclipse.e4.ui.workbench 4 0 2019-08-24 17:15:50.281
!MESSAGE Unable to retrieve the bundle from the URI: bundleclass://org.eclipse.recommenders.news.rcp/org.eclipse.recommenders.internal.news.rcp.toolbar.NewsToolControl

!ENTRY org.eclipse.e4.ui.workbench 2 0 2019-08-24 17:15:51.297
!MESSAGE Removing part descriptor with the 'org.eclipse.recommenders.apidocs.rcp.views.apidocs' id and the 'Augmented Docs' description. Points to the invalid 'bundleclass://org.eclipse.ui.workbench/org.eclipse.ui.internal.e4.compatibility.CompatibilityView' class.

!ENTRY org.eclipse.egit.ui 2 0 2019-08-24 17:15:52.121
!MESSAGE Warning: The environment variable HOME is not set. The following directory will be used to store the Git
user global configuration and to define the default location to store repositories: 'C:\Users\Richard'. If this is
not correct please set the HOME environment variable and restart Eclipse. Otherwise Git for Windows and
EGit might behave differently since they see different configuration options.
This warning can be switched off on the Team > Git > Confirmations and Warnings preference page.

!ENTRY org.eclipse.e4.ui.workbench 2 0 2019-08-24 17:15:54.669
!MESSAGE Removing part descriptor with the 'org.eclipse.recommenders.models.rcp.views.projectCoordinates' id and the 'Project Coordinates' description. Points to the invalid 'bundleclass://org.eclipse.ui.workbench/org.eclipse.ui.internal.e4.compatibility.CompatibilityView' class.

!ENTRY org.eclipse.e4.ui.workbench 2 0 2019-08-24 17:15:55.231
!MESSAGE Removing part descriptor with the 'org.eclipse.recommenders.models.rcp.views.modelRepositories' id and the 'Model Repositories' description. Points to the invalid 'bundleclass://org.eclipse.ui.workbench/org.eclipse.ui.internal.e4.compatibility.CompatibilityView' class.

!ENTRY org.eclipse.e4.ui.workbench 2 0 2019-08-24 17:15:55.239
!MESSAGE Removing part descriptor with the 'org.eclipse.recommenders.models.rcp.views.dependencyOverview' id and the 'Dependency Overview' description. Points to the invalid 'bundleclass://org.eclipse.ui.workbench/org.eclipse.ui.internal.e4.compatibility.CompatibilityView' class.

!ENTRY org.eclipse.e4.ui.workbench 2 0 2019-08-24 17:15:55.247
!MESSAGE Removing part descriptor with the 'org.eclipse.recommenders.snipmatch.rcp.views.snippets' id and the 'Snippets' description. Points to the invalid 'bundleclass://org.eclipse.ui.workbench/org.eclipse.ui.internal.e4.compatibility.CompatibilityView' class.

!ENTRY org.eclipse.e4.ui.workbench 2 0 2019-08-24 17:15:55.249
!MESSAGE Removing part descriptor with the 'edu.duke.cs.ambient.snarfer.SnarferSiteView' id and the 'Snarfer Site Browser' description. Points to the invalid 'bundleclass://org.eclipse.ui.workbench/org.eclipse.ui.internal.e4.compatibility.CompatibilityView' class.

!ENTRY org.eclipse.e4.ui.workbench 2 0 2019-08-24 17:15:55.255
!MESSAGE Removing part descriptor with the 'org.eclipse.team.ccvs.ui.RepositoriesView' id and the 'CVS Repositories' description. Points to the invalid 'bundleclass://org.eclipse.ui.workbench/org.eclipse.ui.internal.e4.compatibility.CompatibilityView' class.

!ENTRY org.eclipse.e4.ui.workbench 2 0 2019-08-24 17:15:55.262
!MESSAGE Removing part descriptor with the 'org.eclipse.team.ccvs.ui.EditorsView' id and the 'CVS Editors' description. Points to the invalid 'bundleclass://org.eclipse.ui.workbench/org.eclipse.ui.internal.e4.compatibility.CompatibilityView' class.

!ENTRY org.eclipse.e4.ui.workbench 2 0 2019-08-24 17:15:55.270
!MESSAGE Removing part descriptor with the 'org.python.pydev.navigator.view' id and the 'PyDev Package Explorer' description. Points to the invalid 'bundleclass://org.eclipse.ui.workbench/org.eclipse.ui.internal.e4.compatibility.CompatibilityView' class.

!ENTRY org.eclipse.e4.ui.workbench 2 0 2019-08-24 17:15:55.277
!MESSAGE Removing part descriptor with the 'com.python.pydev.ui.hierarchy.PyHierarchyView' id and the 'Hierarchy View' description. Points to the invalid 'bundleclass://org.eclipse.ui.workbench/org.eclipse.ui.internal.e4.compatibility.CompatibilityView' class.

!ENTRY org.eclipse.e4.ui.workbench 2 0 2019-08-24 17:15:55.283
!MESSAGE Removing part descriptor with the 'com.python.pydev.analysis.indexview.PyIndexView' id and the 'Index View' description. Points to the invalid 'bundleclass://org.eclipse.ui.workbench/org.eclipse.ui.internal.e4.compatibility.CompatibilityView' class.

!ENTRY org.eclipse.e4.ui.workbench 2 0 2019-08-24 17:15:55.290
!MESSAGE Removing part descriptor with the 'org.python.pydev.views.PyCodeCoverageView' id and the 'Code Coverage' description. Points to the invalid 'bundleclass://org.eclipse.ui.workbench/org.eclipse.ui.internal.e4.compatibility.CompatibilityView' class.

!ENTRY org.eclipse.e4.ui.workbench 2 0 2019-08-24 17:15:55.291
!MESSAGE Removing part descriptor with the 'org.python.pydev.debug.profile.ProfileView' id and the 'Profile (PyVmMonitor)' description. Points to the invalid 'bundleclass://org.eclipse.ui.workbench/org.eclipse.ui.internal.e4.compatibility.CompatibilityView' class.

!ENTRY org.eclipse.e4.ui.workbench 2 0 2019-08-24 17:15:55.297
!MESSAGE Removing part descriptor with the 'org.python.pydev.views.ReferrersView' id and the 'Referrers View' description. Points to the invalid 'bundleclass://org.eclipse.ui.workbench/org.eclipse.ui.internal.e4.compatibility.CompatibilityView' class.

!ENTRY org.eclipse.e4.ui.workbench 2 0 2019-08-24 17:15:55.303
!MESSAGE Removing part descriptor with the 'org.python.pydev.views.CurrentExceptionView' id and the 'Caught Exceptions' description. Points to the invalid 'bundleclass://org.eclipse.ui.workbench/org.eclipse.ui.internal.e4.compatibility.CompatibilityView' class.

!ENTRY org.eclipse.e4.ui.workbench 2 0 2019-08-24 17:15:55.311
!MESSAGE Removing part descriptor with the 'org.python.pydev.debug.pyunit.pyUnitView' id and the 'PyUnit' description. Points to the invalid 'bundleclass://org.eclipse.ui.workbench/org.eclipse.ui.internal.e4.compatibility.CompatibilityView' class.
!SESSION 2019-08-24 17:38:36.803 -----------------------------------------------
eclipse.buildId=4.12.0.I20190605-1800
java.version=1.8.0_201
java.vendor=Oracle Corporation
BootLoader constants: OS=win32, ARCH=x86_64, WS=win32, NL=en_US
Framework arguments:  -product org.eclipse.epp.package.java.product
Command-line arguments:  -os win32 -ws win32 -arch x86_64 -product org.eclipse.epp.package.java.product

!ENTRY org.eclipse.e4.ui.workbench 4 0 2019-08-24 17:40:25.575
!MESSAGE Unable to retrieve the bundle from the URI: bundleclass://org.eclipse.recommenders.news.rcp/org.eclipse.recommenders.internal.news.rcp.poll.PollNewsFeedsHandler

!ENTRY org.eclipse.e4.ui.workbench 4 0 2019-08-24 17:40:25.630
!MESSAGE Unable to retrieve the bundle from the URI: bundleclass://org.eclipse.recommenders.news.rcp/org.eclipse.recommenders.internal.news.rcp.read.ReadNewsItemsHandler

!ENTRY org.eclipse.egit.core 1 0 2019-08-24 17:40:28.010
!MESSAGE Using Apache MINA sshd as ssh client.

!ENTRY org.eclipse.e4.ui.workbench 4 0 2019-08-24 17:41:16.417
!MESSAGE Unable to retrieve the bundle from the URI: bundleclass://org.eclipse.recommenders.news.rcp/org.eclipse.recommenders.internal.news.rcp.toolbar.NewsToolControl

!ENTRY org.eclipse.egit.ui 2 0 2019-08-24 17:41:18.517
!MESSAGE Warning: The environment variable HOME is not set. The following directory will be used to store the Git
user global configuration and to define the default location to store repositories: 'C:\Users\Richard'. If this is
not correct please set the HOME environment variable and restart Eclipse. Otherwise Git for Windows and
EGit might behave differently since they see different configuration options.
This warning can be switched off on the Team > Git > Confirmations and Warnings preference page.
!SESSION 2019-08-24 22:17:26.435 -----------------------------------------------
eclipse.buildId=4.12.0.I20190605-1800
java.version=1.8.0_201
java.vendor=Oracle Corporation
BootLoader constants: OS=win32, ARCH=x86_64, WS=win32, NL=en_US
Framework arguments:  -product org.eclipse.epp.package.java.product
Command-line arguments:  -os win32 -ws win32 -arch x86_64 -product org.eclipse.epp.package.java.product

!ENTRY org.eclipse.e4.ui.workbench 4 0 2019-08-24 22:18:29.241
!MESSAGE Unable to retrieve the bundle from the URI: bundleclass://org.eclipse.recommenders.news.rcp/org.eclipse.recommenders.internal.news.rcp.poll.PollNewsFeedsHandler

!ENTRY org.eclipse.e4.ui.workbench 4 0 2019-08-24 22:18:29.280
!MESSAGE Unable to retrieve the bundle from the URI: bundleclass://org.eclipse.recommenders.news.rcp/org.eclipse.recommenders.internal.news.rcp.read.ReadNewsItemsHandler

!ENTRY org.eclipse.egit.core 1 0 2019-08-24 22:18:46.384
!MESSAGE Using Apache MINA sshd as ssh client.

!ENTRY org.eclipse.e4.ui.workbench 4 0 2019-08-24 22:19:28.108
!MESSAGE Unable to retrieve the bundle from the URI: bundleclass://org.eclipse.recommenders.news.rcp/org.eclipse.recommenders.internal.news.rcp.toolbar.NewsToolControl

!ENTRY org.eclipse.egit.ui 2 0 2019-08-24 22:19:29.861
!MESSAGE Warning: The environment variable HOME is not set. The following directory will be used to store the Git
user global configuration and to define the default location to store repositories: 'C:\Users\Richard'. If this is
not correct please set the HOME environment variable and restart Eclipse. Otherwise Git for Windows and
EGit might behave differently since they see different configuration options.
This warning can be switched off on the Team > Git > Confirmations and Warnings preference page.
!SESSION 2019-08-24 22:27:48.425 -----------------------------------------------
eclipse.buildId=4.12.0.I20190605-1800
java.version=1.8.0_201
java.vendor=Oracle Corporation
BootLoader constants: OS=win32, ARCH=x86_64, WS=win32, NL=en_US
Framework arguments:  -product org.eclipse.epp.package.java.product
Command-line arguments:  -os win32 -ws win32 -arch x86_64 -product org.eclipse.epp.package.java.product

!ENTRY org.eclipse.e4.ui.workbench 4 0 2019-08-24 22:27:55.919
!MESSAGE Unable to retrieve the bundle from the URI: bundleclass://org.eclipse.recommenders.news.rcp/org.eclipse.recommenders.internal.news.rcp.poll.PollNewsFeedsHandler

!ENTRY org.eclipse.e4.ui.workbench 4 0 2019-08-24 22:27:55.962
!MESSAGE Unable to retrieve the bundle from the URI: bundleclass://org.eclipse.recommenders.news.rcp/org.eclipse.recommenders.internal.news.rcp.read.ReadNewsItemsHandler

!ENTRY org.eclipse.egit.core 1 0 2019-08-24 22:27:56.659
!MESSAGE Using Apache MINA sshd as ssh client.

!ENTRY org.eclipse.e4.ui.workbench 4 0 2019-08-24 22:28:03.494
!MESSAGE Unable to retrieve the bundle from the URI: bundleclass://org.eclipse.recommenders.news.rcp/org.eclipse.recommenders.internal.news.rcp.toolbar.NewsToolControl

!ENTRY org.eclipse.egit.ui 2 0 2019-08-24 22:28:04.336
!MESSAGE Warning: The environment variable HOME is not set. The following directory will be used to store the Git
user global configuration and to define the default location to store repositories: 'C:\Users\Richard'. If this is
not correct please set the HOME environment variable and restart Eclipse. Otherwise Git for Windows and
EGit might behave differently since they see different configuration options.
This warning can be switched off on the Team > Git > Confirmations and Warnings preference page.
!SESSION 2019-08-24 23:31:38.150 -----------------------------------------------
eclipse.buildId=4.12.0.I20190605-1800
java.version=1.8.0_201
java.vendor=Oracle Corporation
BootLoader constants: OS=win32, ARCH=x86_64, WS=win32, NL=en_US
Framework arguments:  -product org.eclipse.epp.package.java.product
Command-line arguments:  -os win32 -ws win32 -arch x86_64 -product org.eclipse.epp.package.java.product

!ENTRY org.eclipse.e4.ui.workbench 4 0 2019-08-24 23:32:39.537
!MESSAGE Unable to retrieve the bundle from the URI: bundleclass://org.eclipse.recommenders.news.rcp/org.eclipse.recommenders.internal.news.rcp.poll.PollNewsFeedsHandler

!ENTRY org.eclipse.e4.ui.workbench 4 0 2019-08-24 23:32:39.556
!MESSAGE Unable to retrieve the bundle from the URI: bundleclass://org.eclipse.recommenders.news.rcp/org.eclipse.recommenders.internal.news.rcp.read.ReadNewsItemsHandler

!ENTRY org.eclipse.egit.core 1 0 2019-08-24 23:32:43.353
!MESSAGE Using Apache MINA sshd as ssh client.

!ENTRY org.eclipse.e4.ui.workbench 4 0 2019-08-24 23:33:30.046
!MESSAGE Unable to retrieve the bundle from the URI: bundleclass://org.eclipse.recommenders.news.rcp/org.eclipse.recommenders.internal.news.rcp.toolbar.NewsToolControl

!ENTRY org.eclipse.egit.ui 2 0 2019-08-24 23:33:31.599
!MESSAGE Warning: The environment variable HOME is not set. The following directory will be used to store the Git
user global configuration and to define the default location to store repositories: 'C:\Users\Richard'. If this is
not correct please set the HOME environment variable and restart Eclipse. Otherwise Git for Windows and
EGit might behave differently since they see different configuration options.
This warning can be switched off on the Team > Git > Confirmations and Warnings preference page.

!ENTRY org.eclipse.equinox.p2.repository 4 0 2019-08-24 23:50:29.696
!MESSAGE 
!STACK 0
java.lang.IllegalArgumentException
	at org.eclipse.equinox.internal.p2.metadata.VersionParser.parse(VersionParser.java:83)
	at org.eclipse.equinox.p2.metadata.Version.create(Version.java:96)
	at org.eclipse.equinox.p2.metadata.Version.parseVersion(Version.java:164)
	at org.eclipse.equinox.internal.p2.repository.helpers.LocationProperties.create(LocationProperties.java:88)
	at org.eclipse.equinox.internal.p2.repository.helpers.AbstractRepositoryManager.handleRemoteIndexFile(AbstractRepositoryManager.java:715)
	at org.eclipse.equinox.internal.p2.repository.helpers.AbstractRepositoryManager.loadIndexFile(AbstractRepositoryManager.java:707)
	at sun.reflect.NativeMethodAccessorImpl.invoke0(Native Method)
	at sun.reflect.NativeMethodAccessorImpl.invoke(Unknown Source)
	at sun.reflect.DelegatingMethodAccessorImpl.invoke(Unknown Source)
	at java.lang.reflect.Method.invoke(Unknown Source)
	at org.eclipse.oomph.util.ReflectUtil.invokeMethod(ReflectUtil.java:117)
	at org.eclipse.oomph.p2.internal.core.CachingRepositoryManager.loadIndexFile(CachingRepositoryManager.java:374)
	at org.eclipse.oomph.p2.internal.core.CachingRepositoryManager.loadRepository(CachingRepositoryManager.java:182)
	at org.eclipse.oomph.p2.internal.core.CachingRepositoryManager$Metadata.loadRepository(CachingRepositoryManager.java:476)
	at org.eclipse.equinox.internal.p2.metadata.repository.MetadataRepositoryManager.loadRepository(MetadataRepositoryManager.java:110)
	at org.eclipse.equinox.internal.p2.metadata.repository.MetadataRepositoryManager.loadRepository(MetadataRepositoryManager.java:105)
	at org.eclipse.equinox.internal.p2.updatechecker.UpdateChecker.getAvailableRepositories(UpdateChecker.java:152)
	at org.eclipse.equinox.internal.p2.updatechecker.UpdateChecker.checkForUpdates(UpdateChecker.java:130)
	at org.eclipse.equinox.internal.p2.updatechecker.UpdateChecker$UpdateCheckThread.run(UpdateChecker.java:78)
!SESSION 2019-08-25 01:33:18.977 -----------------------------------------------
eclipse.buildId=4.12.0.I20190605-1800
java.version=1.8.0_201
java.vendor=Oracle Corporation
BootLoader constants: OS=win32, ARCH=x86_64, WS=win32, NL=en_US
Framework arguments:  -product org.eclipse.epp.package.java.product
Command-line arguments:  -os win32 -ws win32 -arch x86_64 -product org.eclipse.epp.package.java.product

!ENTRY org.eclipse.core.resources 2 10035 2019-08-25 01:34:52.581
!MESSAGE The workspace exited with unsaved changes in the previous session; refreshing workspace to recover changes.

!ENTRY org.eclipse.e4.ui.workbench 4 0 2019-08-25 01:34:54.202
!MESSAGE Unable to retrieve the bundle from the URI: bundleclass://org.eclipse.recommenders.news.rcp/org.eclipse.recommenders.internal.news.rcp.poll.PollNewsFeedsHandler

!ENTRY org.eclipse.e4.ui.workbench 4 0 2019-08-25 01:34:54.210
!MESSAGE Unable to retrieve the bundle from the URI: bundleclass://org.eclipse.recommenders.news.rcp/org.eclipse.recommenders.internal.news.rcp.read.ReadNewsItemsHandler

!ENTRY org.eclipse.egit.core 1 0 2019-08-25 01:34:55.361
!MESSAGE Using Apache MINA sshd as ssh client.

!ENTRY org.eclipse.egit.ui 2 0 2019-08-25 01:35:11.109
!MESSAGE Warning: The environment variable HOME is not set. The following directory will be used to store the Git
user global configuration and to define the default location to store repositories: 'C:\Users\Richard'. If this is
not correct please set the HOME environment variable and restart Eclipse. Otherwise Git for Windows and
EGit might behave differently since they see different configuration options.
This warning can be switched off on the Team > Git > Confirmations and Warnings preference page.

!ENTRY org.eclipse.equinox.p2.repository 4 0 2019-08-25 01:48:16.309
!MESSAGE 
!STACK 0
java.lang.IllegalArgumentException
	at org.eclipse.equinox.internal.p2.metadata.VersionParser.parse(VersionParser.java:83)
	at org.eclipse.equinox.p2.metadata.Version.create(Version.java:96)
	at org.eclipse.equinox.p2.metadata.Version.parseVersion(Version.java:164)
	at org.eclipse.equinox.internal.p2.repository.helpers.LocationProperties.create(LocationProperties.java:88)
	at org.eclipse.equinox.internal.p2.repository.helpers.AbstractRepositoryManager.handleRemoteIndexFile(AbstractRepositoryManager.java:715)
	at org.eclipse.equinox.internal.p2.repository.helpers.AbstractRepositoryManager.loadIndexFile(AbstractRepositoryManager.java:707)
	at sun.reflect.NativeMethodAccessorImpl.invoke0(Native Method)
	at sun.reflect.NativeMethodAccessorImpl.invoke(Unknown Source)
	at sun.reflect.DelegatingMethodAccessorImpl.invoke(Unknown Source)
	at java.lang.reflect.Method.invoke(Unknown Source)
	at org.eclipse.oomph.util.ReflectUtil.invokeMethod(ReflectUtil.java:117)
	at org.eclipse.oomph.p2.internal.core.CachingRepositoryManager.loadIndexFile(CachingRepositoryManager.java:374)
	at org.eclipse.oomph.p2.internal.core.CachingRepositoryManager.loadRepository(CachingRepositoryManager.java:182)
	at org.eclipse.oomph.p2.internal.core.CachingRepositoryManager$Metadata.loadRepository(CachingRepositoryManager.java:476)
	at org.eclipse.equinox.internal.p2.metadata.repository.MetadataRepositoryManager.loadRepository(MetadataRepositoryManager.java:110)
	at org.eclipse.equinox.internal.p2.metadata.repository.MetadataRepositoryManager.loadRepository(MetadataRepositoryManager.java:105)
	at org.eclipse.equinox.internal.p2.updatechecker.UpdateChecker.getAvailableRepositories(UpdateChecker.java:152)
	at org.eclipse.equinox.internal.p2.updatechecker.UpdateChecker.checkForUpdates(UpdateChecker.java:130)
	at org.eclipse.equinox.internal.p2.updatechecker.UpdateChecker$UpdateCheckThread.run(UpdateChecker.java:78)
!SESSION 2019-08-25 17:33:01.479 -----------------------------------------------
eclipse.buildId=4.12.0.I20190605-1800
java.version=1.8.0_201
java.vendor=Oracle Corporation
BootLoader constants: OS=win32, ARCH=x86_64, WS=win32, NL=en_US
Framework arguments:  -product org.eclipse.epp.package.java.product
Command-line arguments:  -os win32 -ws win32 -arch x86_64 -product org.eclipse.epp.package.java.product

!ENTRY org.eclipse.e4.ui.workbench 4 0 2019-08-25 17:33:37.981
!MESSAGE Unable to retrieve the bundle from the URI: bundleclass://org.eclipse.recommenders.news.rcp/org.eclipse.recommenders.internal.news.rcp.poll.PollNewsFeedsHandler

!ENTRY org.eclipse.e4.ui.workbench 4 0 2019-08-25 17:33:38.043
!MESSAGE Unable to retrieve the bundle from the URI: bundleclass://org.eclipse.recommenders.news.rcp/org.eclipse.recommenders.internal.news.rcp.read.ReadNewsItemsHandler

!ENTRY org.eclipse.egit.core 1 0 2019-08-25 17:33:44.227
!MESSAGE Using Apache MINA sshd as ssh client.

!ENTRY org.eclipse.egit.ui 2 0 2019-08-25 17:34:02.988
!MESSAGE Warning: The environment variable HOME is not set. The following directory will be used to store the Git
user global configuration and to define the default location to store repositories: 'C:\Users\Richard'. If this is
not correct please set the HOME environment variable and restart Eclipse. Otherwise Git for Windows and
EGit might behave differently since they see different configuration options.
This warning can be switched off on the Team > Git > Confirmations and Warnings preference page.
!SESSION 2019-08-25 22:15:51.583 -----------------------------------------------
eclipse.buildId=4.12.0.I20190605-1800
java.version=1.8.0_201
java.vendor=Oracle Corporation
BootLoader constants: OS=win32, ARCH=x86_64, WS=win32, NL=en_US
Framework arguments:  -product org.eclipse.epp.package.java.product
Command-line arguments:  -os win32 -ws win32 -arch x86_64 -product org.eclipse.epp.package.java.product

!ENTRY org.eclipse.e4.ui.workbench 4 0 2019-08-25 22:16:14.157
!MESSAGE Unable to retrieve the bundle from the URI: bundleclass://org.eclipse.recommenders.news.rcp/org.eclipse.recommenders.internal.news.rcp.poll.PollNewsFeedsHandler

!ENTRY org.eclipse.e4.ui.workbench 4 0 2019-08-25 22:16:14.221
!MESSAGE Unable to retrieve the bundle from the URI: bundleclass://org.eclipse.recommenders.news.rcp/org.eclipse.recommenders.internal.news.rcp.read.ReadNewsItemsHandler

!ENTRY org.eclipse.egit.core 1 0 2019-08-25 22:16:23.393
!MESSAGE Using Apache MINA sshd as ssh client.

!ENTRY org.eclipse.egit.ui 2 0 2019-08-25 22:16:58.910
!MESSAGE Warning: The environment variable HOME is not set. The following directory will be used to store the Git
user global configuration and to define the default location to store repositories: 'C:\Users\Richard'. If this is
not correct please set the HOME environment variable and restart Eclipse. Otherwise Git for Windows and
EGit might behave differently since they see different configuration options.
This warning can be switched off on the Team > Git > Confirmations and Warnings preference page.
!SESSION 2019-08-25 22:37:58.093 -----------------------------------------------
eclipse.buildId=4.12.0.I20190605-1800
java.version=1.8.0_201
java.vendor=Oracle Corporation
BootLoader constants: OS=win32, ARCH=x86_64, WS=win32, NL=en_US
Framework arguments:  -product org.eclipse.epp.package.java.product
Command-line arguments:  -os win32 -ws win32 -arch x86_64 -product org.eclipse.epp.package.java.product

!ENTRY org.eclipse.e4.ui.workbench 4 0 2019-08-25 22:38:04.222
!MESSAGE Unable to retrieve the bundle from the URI: bundleclass://org.eclipse.recommenders.news.rcp/org.eclipse.recommenders.internal.news.rcp.poll.PollNewsFeedsHandler

!ENTRY org.eclipse.e4.ui.workbench 4 0 2019-08-25 22:38:04.237
!MESSAGE Unable to retrieve the bundle from the URI: bundleclass://org.eclipse.recommenders.news.rcp/org.eclipse.recommenders.internal.news.rcp.read.ReadNewsItemsHandler

!ENTRY org.eclipse.egit.core 1 0 2019-08-25 22:38:05.175
!MESSAGE Using Apache MINA sshd as ssh client.

!ENTRY org.eclipse.egit.ui 2 0 2019-08-25 22:38:15.860
!MESSAGE Warning: The environment variable HOME is not set. The following directory will be used to store the Git
user global configuration and to define the default location to store repositories: 'C:\Users\Richard'. If this is
not correct please set the HOME environment variable and restart Eclipse. Otherwise Git for Windows and
EGit might behave differently since they see different configuration options.
This warning can be switched off on the Team > Git > Confirmations and Warnings preference page.

!ENTRY org.eclipse.equinox.p2.repository 4 0 2019-08-25 22:48:06.796
!MESSAGE 
!STACK 0
java.lang.IllegalArgumentException
	at org.eclipse.equinox.internal.p2.metadata.VersionParser.parse(VersionParser.java:83)
	at org.eclipse.equinox.p2.metadata.Version.create(Version.java:96)
	at org.eclipse.equinox.p2.metadata.Version.parseVersion(Version.java:164)
	at org.eclipse.equinox.internal.p2.repository.helpers.LocationProperties.create(LocationProperties.java:88)
	at org.eclipse.equinox.internal.p2.repository.helpers.AbstractRepositoryManager.handleRemoteIndexFile(AbstractRepositoryManager.java:715)
	at org.eclipse.equinox.internal.p2.repository.helpers.AbstractRepositoryManager.loadIndexFile(AbstractRepositoryManager.java:707)
	at sun.reflect.NativeMethodAccessorImpl.invoke0(Native Method)
	at sun.reflect.NativeMethodAccessorImpl.invoke(Unknown Source)
	at sun.reflect.DelegatingMethodAccessorImpl.invoke(Unknown Source)
	at java.lang.reflect.Method.invoke(Unknown Source)
	at org.eclipse.oomph.util.ReflectUtil.invokeMethod(ReflectUtil.java:117)
	at org.eclipse.oomph.p2.internal.core.CachingRepositoryManager.loadIndexFile(CachingRepositoryManager.java:374)
	at org.eclipse.oomph.p2.internal.core.CachingRepositoryManager.loadRepository(CachingRepositoryManager.java:182)
	at org.eclipse.oomph.p2.internal.core.CachingRepositoryManager$Metadata.loadRepository(CachingRepositoryManager.java:476)
	at org.eclipse.equinox.internal.p2.metadata.repository.MetadataRepositoryManager.loadRepository(MetadataRepositoryManager.java:110)
	at org.eclipse.equinox.internal.p2.metadata.repository.MetadataRepositoryManager.loadRepository(MetadataRepositoryManager.java:105)
	at org.eclipse.equinox.internal.p2.updatechecker.UpdateChecker.getAvailableRepositories(UpdateChecker.java:152)
	at org.eclipse.equinox.internal.p2.updatechecker.UpdateChecker.checkForUpdates(UpdateChecker.java:130)
	at org.eclipse.equinox.internal.p2.updatechecker.UpdateChecker$UpdateCheckThread.run(UpdateChecker.java:78)
!SESSION 2019-08-26 17:47:41.189 -----------------------------------------------
eclipse.buildId=4.12.0.I20190605-1800
java.version=1.8.0_201
java.vendor=Oracle Corporation
BootLoader constants: OS=win32, ARCH=x86_64, WS=win32, NL=en_US
Framework arguments:  -product org.eclipse.epp.package.java.product
Command-line arguments:  -os win32 -ws win32 -arch x86_64 -product org.eclipse.epp.package.java.product

!ENTRY org.eclipse.e4.ui.workbench 4 0 2019-08-26 17:48:32.999
!MESSAGE Unable to retrieve the bundle from the URI: bundleclass://org.eclipse.recommenders.news.rcp/org.eclipse.recommenders.internal.news.rcp.poll.PollNewsFeedsHandler

!ENTRY org.eclipse.e4.ui.workbench 4 0 2019-08-26 17:48:33.106
!MESSAGE Unable to retrieve the bundle from the URI: bundleclass://org.eclipse.recommenders.news.rcp/org.eclipse.recommenders.internal.news.rcp.read.ReadNewsItemsHandler

!ENTRY org.eclipse.egit.core 1 0 2019-08-26 17:48:45.011
!MESSAGE Using Apache MINA sshd as ssh client.

!ENTRY org.eclipse.egit.ui 2 0 2019-08-26 17:49:40.468
!MESSAGE Warning: The environment variable HOME is not set. The following directory will be used to store the Git
user global configuration and to define the default location to store repositories: 'C:\Users\Richard'. If this is
not correct please set the HOME environment variable and restart Eclipse. Otherwise Git for Windows and
EGit might behave differently since they see different configuration options.
This warning can be switched off on the Team > Git > Confirmations and Warnings preference page.

!ENTRY org.eclipse.equinox.p2.repository 4 0 2019-08-26 18:00:31.251
!MESSAGE 
!STACK 0
java.lang.IllegalArgumentException
	at org.eclipse.equinox.internal.p2.metadata.VersionParser.parse(VersionParser.java:83)
	at org.eclipse.equinox.p2.metadata.Version.create(Version.java:96)
	at org.eclipse.equinox.p2.metadata.Version.parseVersion(Version.java:164)
	at org.eclipse.equinox.internal.p2.repository.helpers.LocationProperties.create(LocationProperties.java:88)
	at org.eclipse.equinox.internal.p2.repository.helpers.AbstractRepositoryManager.handleRemoteIndexFile(AbstractRepositoryManager.java:715)
	at org.eclipse.equinox.internal.p2.repository.helpers.AbstractRepositoryManager.loadIndexFile(AbstractRepositoryManager.java:707)
	at sun.reflect.NativeMethodAccessorImpl.invoke0(Native Method)
	at sun.reflect.NativeMethodAccessorImpl.invoke(Unknown Source)
	at sun.reflect.DelegatingMethodAccessorImpl.invoke(Unknown Source)
	at java.lang.reflect.Method.invoke(Unknown Source)
	at org.eclipse.oomph.util.ReflectUtil.invokeMethod(ReflectUtil.java:117)
	at org.eclipse.oomph.p2.internal.core.CachingRepositoryManager.loadIndexFile(CachingRepositoryManager.java:374)
	at org.eclipse.oomph.p2.internal.core.CachingRepositoryManager.loadRepository(CachingRepositoryManager.java:182)
	at org.eclipse.oomph.p2.internal.core.CachingRepositoryManager$Metadata.loadRepository(CachingRepositoryManager.java:476)
	at org.eclipse.equinox.internal.p2.metadata.repository.MetadataRepositoryManager.loadRepository(MetadataRepositoryManager.java:110)
	at org.eclipse.equinox.internal.p2.metadata.repository.MetadataRepositoryManager.loadRepository(MetadataRepositoryManager.java:105)
	at org.eclipse.equinox.internal.p2.updatechecker.UpdateChecker.getAvailableRepositories(UpdateChecker.java:152)
	at org.eclipse.equinox.internal.p2.updatechecker.UpdateChecker.checkForUpdates(UpdateChecker.java:130)
	at org.eclipse.equinox.internal.p2.updatechecker.UpdateChecker$UpdateCheckThread.run(UpdateChecker.java:78)
!SESSION 2019-08-28 17:41:53.226 -----------------------------------------------
eclipse.buildId=4.12.0.I20190605-1800
java.version=1.8.0_201
java.vendor=Oracle Corporation
BootLoader constants: OS=win32, ARCH=x86_64, WS=win32, NL=en_US
Framework arguments:  -product org.eclipse.epp.package.java.product
Command-line arguments:  -os win32 -ws win32 -arch x86_64 -product org.eclipse.epp.package.java.product

!ENTRY org.eclipse.e4.ui.workbench 4 0 2019-08-28 17:42:14.657
!MESSAGE Unable to retrieve the bundle from the URI: bundleclass://org.eclipse.recommenders.news.rcp/org.eclipse.recommenders.internal.news.rcp.poll.PollNewsFeedsHandler

!ENTRY org.eclipse.e4.ui.workbench 4 0 2019-08-28 17:42:14.701
!MESSAGE Unable to retrieve the bundle from the URI: bundleclass://org.eclipse.recommenders.news.rcp/org.eclipse.recommenders.internal.news.rcp.read.ReadNewsItemsHandler

!ENTRY org.eclipse.egit.core 1 0 2019-08-28 17:42:22.871
!MESSAGE Using Apache MINA sshd as ssh client.

!ENTRY org.eclipse.egit.ui 2 0 2019-08-28 17:42:51.126
!MESSAGE Warning: The environment variable HOME is not set. The following directory will be used to store the Git
user global configuration and to define the default location to store repositories: 'C:\Users\Richard'. If this is
not correct please set the HOME environment variable and restart Eclipse. Otherwise Git for Windows and
EGit might behave differently since they see different configuration options.
This warning can be switched off on the Team > Git > Confirmations and Warnings preference page.
!SESSION 2019-08-28 17:53:58.484 -----------------------------------------------
eclipse.buildId=4.12.0.I20190605-1800
java.version=1.8.0_201
java.vendor=Oracle Corporation
BootLoader constants: OS=win32, ARCH=x86_64, WS=win32, NL=en_US
Framework arguments:  -product org.eclipse.epp.package.java.product
Command-line arguments:  -os win32 -ws win32 -arch x86_64 -product org.eclipse.epp.package.java.product

!ENTRY org.eclipse.e4.ui.workbench 4 0 2019-08-28 17:59:24.103
!MESSAGE Unable to retrieve the bundle from the URI: bundleclass://org.eclipse.recommenders.news.rcp/org.eclipse.recommenders.internal.news.rcp.poll.PollNewsFeedsHandler

!ENTRY org.eclipse.e4.ui.workbench 4 0 2019-08-28 17:59:24.116
!MESSAGE Unable to retrieve the bundle from the URI: bundleclass://org.eclipse.recommenders.news.rcp/org.eclipse.recommenders.internal.news.rcp.read.ReadNewsItemsHandler

!ENTRY org.eclipse.egit.core 1 0 2019-08-28 17:59:24.604
!MESSAGE Using Apache MINA sshd as ssh client.

!ENTRY org.eclipse.egit.ui 2 0 2019-08-28 17:59:33.411
!MESSAGE Warning: The environment variable HOME is not set. The following directory will be used to store the Git
user global configuration and to define the default location to store repositories: 'C:\Users\Richard'. If this is
not correct please set the HOME environment variable and restart Eclipse. Otherwise Git for Windows and
EGit might behave differently since they see different configuration options.
This warning can be switched off on the Team > Git > Confirmations and Warnings preference page.
!SESSION 2019-08-29 11:56:56.499 -----------------------------------------------
eclipse.buildId=4.12.0.I20190605-1800
java.version=1.8.0_221
java.vendor=Oracle Corporation
BootLoader constants: OS=win32, ARCH=x86_64, WS=win32, NL=en_US
Framework arguments:  -product org.eclipse.epp.package.java.product
Command-line arguments:  -os win32 -ws win32 -arch x86_64 -product org.eclipse.epp.package.java.product

!ENTRY org.eclipse.e4.ui.workbench 4 0 2019-08-29 11:59:01.625
!MESSAGE Unable to retrieve the bundle from the URI: bundleclass://org.eclipse.recommenders.news.rcp/org.eclipse.recommenders.internal.news.rcp.poll.PollNewsFeedsHandler

!ENTRY org.eclipse.e4.ui.workbench 4 0 2019-08-29 11:59:01.630
!MESSAGE Unable to retrieve the bundle from the URI: bundleclass://org.eclipse.recommenders.news.rcp/org.eclipse.recommenders.internal.news.rcp.read.ReadNewsItemsHandler

!ENTRY org.eclipse.egit.core 1 0 2019-08-29 11:59:08.654
!MESSAGE Using Apache MINA sshd as ssh client.

!ENTRY org.eclipse.egit.ui 2 0 2019-08-29 12:00:44.863
!MESSAGE Warning: The environment variable HOME is not set. The following directory will be used to store the Git
user global configuration and to define the default location to store repositories: 'C:\Users\rcao266'. If this is
not correct please set the HOME environment variable and restart Eclipse. Otherwise Git for Windows and
EGit might behave differently since they see different configuration options.
This warning can be switched off on the Team > Git > Confirmations and Warnings preference page.
!SESSION 2019-09-03 10:33:12.358 -----------------------------------------------
eclipse.buildId=4.12.0.I20190605-1800
java.version=1.8.0_221
java.vendor=Oracle Corporation
BootLoader constants: OS=win32, ARCH=x86_64, WS=win32, NL=en_US
Framework arguments:  -product org.eclipse.epp.package.java.product
Command-line arguments:  -os win32 -ws win32 -arch x86_64 -product org.eclipse.epp.package.java.product

!ENTRY org.eclipse.e4.ui.workbench 4 0 2019-09-03 10:34:43.688
!MESSAGE Unable to retrieve the bundle from the URI: bundleclass://org.eclipse.recommenders.news.rcp/org.eclipse.recommenders.internal.news.rcp.poll.PollNewsFeedsHandler

!ENTRY org.eclipse.e4.ui.workbench 4 0 2019-09-03 10:34:43.694
!MESSAGE Unable to retrieve the bundle from the URI: bundleclass://org.eclipse.recommenders.news.rcp/org.eclipse.recommenders.internal.news.rcp.read.ReadNewsItemsHandler

!ENTRY org.eclipse.egit.core 1 0 2019-09-03 10:34:52.479
!MESSAGE Using Apache MINA sshd as ssh client.

!ENTRY org.eclipse.egit.ui 2 0 2019-09-03 10:35:46.956
!MESSAGE Warning: The environment variable HOME is not set. The following directory will be used to store the Git
user global configuration and to define the default location to store repositories: 'C:\Users\rcao266'. If this is
not correct please set the HOME environment variable and restart Eclipse. Otherwise Git for Windows and
EGit might behave differently since they see different configuration options.
This warning can be switched off on the Team > Git > Confirmations and Warnings preference page.
